This file contains any messages produced by compilers while
running configure, to aid debugging if configure makes a mistake.

It was created by fastqtk configure 0.0.0, which was
generated by GNU Autoconf 2.69.  Invocation command line was

  $ ../configure CFLAGS=-O0

## --------- ##
## Platform. ##
## --------- ##

hostname = delta2
uname -m = x86_64
uname -r = 3.10.0-327.36.3.el7.x86_64
uname -s = Linux
uname -v = #1 SMP Mon Oct 24 16:09:20 UTC 2016

/usr/bin/uname -p = x86_64
/bin/uname -X     = unknown

/bin/arch              = x86_64
/usr/bin/arch -k       = unknown
/usr/convex/getsysinfo = unknown
/usr/bin/hostinfo      = unknown
/bin/machine           = unknown
/usr/bin/oslevel       = unknown
/bin/universe          = unknown

PATH: /home/tanbowen/package/bin
PATH: /home/tanbowen/script/shell
PATH: /home/tanbowen/package/go/bin
PATH: /opt/gcc-7.2.0/bin
PATH: /opt/sge/bin
PATH: /opt/sge/bin/lx-amd64
PATH: /opt/sge/bin
PATH: /opt/sge/bin/lx-amd64
PATH: /usr/lib64/qt-3.3/bin
PATH: /home/tanbowen/perl5/bin
PATH: /usr/local/bin
PATH: /usr/bin
PATH: /usr/local/sbin
PATH: /usr/sbin


## ----------- ##
## Core tests. ##
## ----------- ##

configure:1836: checking for a BSD-compatible install
configure:1904: result: /usr/bin/install -c
configure:1915: checking whether build environment is sane
configure:1970: result: yes
configure:2121: checking for a thread-safe mkdir -p
configure:2160: result: /usr/bin/mkdir -p
configure:2167: checking for gawk
configure:2183: found /usr/bin/gawk
configure:2194: result: gawk
configure:2205: checking whether make sets $(MAKE)
configure:2227: result: yes
configure:2256: checking whether make supports nested variables
configure:2273: result: yes
configure:2407: checking for gcc
configure:2423: found /opt/gcc-7.2.0/bin/gcc
configure:2434: result: gcc
configure:2663: checking for C compiler version
configure:2672: gcc --version >&5
gcc (GCC) 7.2.0
Copyright (C) 2017 Free Software Foundation, Inc.
This is free software; see the source for copying conditions.  There is NO
warranty; not even for MERCHANTABILITY or FITNESS FOR A PARTICULAR PURPOSE.

configure:2683: $? = 0
configure:2672: gcc -v >&5
Using built-in specs.
COLLECT_GCC=gcc
COLLECT_LTO_WRAPPER=/opt/gcc-7.2.0/libexec/gcc/x86_64-pc-linux-gnu/7.2.0/lto-wrapper
Target: x86_64-pc-linux-gnu
Configured with: ../configure --with-system-zlib --disable-multilib --enable-languages=c,c++ --prefix=/opt/gcc-7.2.0
Thread model: posix
gcc version 7.2.0 (GCC) 
configure:2683: $? = 0
configure:2672: gcc -V >&5
gcc: error: unrecognized command line option '-V'
gcc: fatal error: no input files
compilation terminated.
configure:2683: $? = 1
configure:2672: gcc -qversion >&5
gcc: error: unrecognized command line option '-qversion'; did you mean '--version'?
gcc: fatal error: no input files
compilation terminated.
configure:2683: $? = 1
configure:2703: checking whether the C compiler works
configure:2725: gcc -O0   conftest.c  >&5
configure:2729: $? = 0
configure:2777: result: yes
configure:2780: checking for C compiler default output file name
configure:2782: result: a.out
configure:2788: checking for suffix of executables
configure:2795: gcc -o conftest -O0   conftest.c  >&5
configure:2799: $? = 0
configure:2821: result: 
configure:2843: checking whether we are cross compiling
configure:2851: gcc -o conftest -O0   conftest.c  >&5
configure:2855: $? = 0
configure:2862: ./conftest
configure:2866: $? = 0
configure:2881: result: no
configure:2886: checking for suffix of object files
configure:2908: gcc -c -O0  conftest.c >&5
configure:2912: $? = 0
configure:2933: result: o
configure:2937: checking whether we are using the GNU C compiler
configure:2956: gcc -c -O0  conftest.c >&5
configure:2956: $? = 0
configure:2965: result: yes
configure:2974: checking whether gcc accepts -g
configure:2994: gcc -c -g  conftest.c >&5
configure:2994: $? = 0
configure:3035: result: yes
configure:3052: checking for gcc option to accept ISO C89
configure:3115: gcc  -c -O0  conftest.c >&5
configure:3115: $? = 0
configure:3128: result: none needed
configure:3159: checking for style of include used by make
configure:3187: result: GNU
configure:3213: checking dependency style of gcc
configure:3324: result: gcc3
configure:3463: checking that generated files are newer than configure
configure:3469: result: done
configure:3492: creating ./config.status

## ---------------------- ##
## Running config.status. ##
## ---------------------- ##

This file was extended by fastqtk config.status 0.0.0, which was
generated by GNU Autoconf 2.69.  Invocation command line was

  CONFIG_FILES    = 
  CONFIG_HEADERS  = 
  CONFIG_LINKS    = 
  CONFIG_COMMANDS = 
  $ ./config.status 

on delta2

config.status:841: creating Makefile
config.status:841: creating src/Makefile
config.status:841: creating config.h
config.status:1007: config.h is unchanged
config.status:1055: executing depfiles commands
configure:4875: === configuring in lib/fastq (/home/tanbowen/fastqtk/debug/lib/fastq)
configure:4938: running /bin/sh ../../../lib/fastq/configure --disable-option-checking '--prefix=/usr/local'  'CFLAGS=-O0' --cache-file=/dev/null --srcdir=../../../lib/fastq
configure:4875: === configuring in lib/program_options (/home/tanbowen/fastqtk/debug/lib/program_options)
configure:4938: running /bin/sh ../../../lib/program_options/configure --disable-option-checking '--prefix=/usr/local'  'CFLAGS=-O0' --cache-file=/dev/null --srcdir=../../../lib/program_options

## ---------------- ##
## Cache variables. ##
## ---------------- ##

ac_cv_c_compiler_gnu=yes
ac_cv_env_CC_set=
ac_cv_env_CC_value=
ac_cv_env_CFLAGS_set=set
ac_cv_env_CFLAGS_value=-O0
ac_cv_env_CPPFLAGS_set=
ac_cv_env_CPPFLAGS_value=
ac_cv_env_LDFLAGS_set=
ac_cv_env_LDFLAGS_value=
ac_cv_env_LIBS_set=
ac_cv_env_LIBS_value=
ac_cv_env_build_alias_set=
ac_cv_env_build_alias_value=
ac_cv_env_host_alias_set=
ac_cv_env_host_alias_value=
ac_cv_env_target_alias_set=
ac_cv_env_target_alias_value=
ac_cv_objext=o
ac_cv_path_install='/usr/bin/install -c'
ac_cv_path_mkdir=/usr/bin/mkdir
ac_cv_prog_AWK=gawk
ac_cv_prog_ac_ct_CC=gcc
ac_cv_prog_cc_c89=
ac_cv_prog_cc_g=yes
ac_cv_prog_make_make_set=yes
am_cv_CC_dependencies_compiler_type=gcc3
am_cv_make_support_nested_variables=yes

## ----------------- ##
## Output variables. ##
## ----------------- ##

ACLOCAL='${SHELL} /home/tanbowen/fastqtk/missing aclocal-1.13'
AMDEPBACKSLASH='\'
AMDEP_FALSE='#'
AMDEP_TRUE=''
AMTAR='$${TAR-tar}'
AM_BACKSLASH='\'
AM_DEFAULT_V='$(AM_DEFAULT_VERBOSITY)'
AM_DEFAULT_VERBOSITY='1'
AM_V='$(V)'
AUTOCONF='${SHELL} /home/tanbowen/fastqtk/missing autoconf'
AUTOHEADER='${SHELL} /home/tanbowen/fastqtk/missing autoheader'
AUTOMAKE='${SHELL} /home/tanbowen/fastqtk/missing automake-1.13'
AWK='gawk'
CC='gcc'
CCDEPMODE='depmode=gcc3'
CFLAGS='-O0'
CPPFLAGS=''
CYGPATH_W='echo'
DEFS='-DHAVE_CONFIG_H'
DEPDIR='.deps'
ECHO_C=''
ECHO_N='-n'
ECHO_T=''
EXEEXT=''
INSTALL_DATA='${INSTALL} -m 644'
INSTALL_PROGRAM='${INSTALL}'
INSTALL_SCRIPT='${INSTALL}'
INSTALL_STRIP_PROGRAM='$(install_sh) -c -s'
LDFLAGS=''
LIBOBJS=''
LIBS=''
LTLIBOBJS=''
MAKEINFO='${SHELL} /home/tanbowen/fastqtk/missing makeinfo'
MKDIR_P='/usr/bin/mkdir -p'
OBJEXT='o'
PACKAGE='fastqtk'
PACKAGE_BUGREPORT='notebowentan@gmail.com'
PACKAGE_NAME='fastqtk'
PACKAGE_STRING='fastqtk 0.0.0'
PACKAGE_TARNAME='fastqtk'
PACKAGE_URL=''
PACKAGE_VERSION='0.0.0'
PATH_SEPARATOR=':'
SET_MAKE=''
SHELL='/bin/sh'
STRIP=''
VERSION='0.0.0'
ac_ct_CC='gcc'
am__EXEEXT_FALSE=''
am__EXEEXT_TRUE='#'
am__fastdepCC_FALSE='#'
am__fastdepCC_TRUE=''
am__include='include'
am__isrc=' -I$(srcdir)'
am__leading_dot='.'
am__nodep='_no'
am__quote=''
am__tar='$${TAR-tar} chof - "$$tardir"'
am__untar='$${TAR-tar} xf -'
bindir='${exec_prefix}/bin'
build_alias=''
datadir='${datarootdir}'
datarootdir='${prefix}/share'
docdir='${datarootdir}/doc/${PACKAGE_TARNAME}'
dvidir='${docdir}'
exec_prefix='${prefix}'
host_alias=''
htmldir='${docdir}'
includedir='${prefix}/include'
infodir='${datarootdir}/info'
install_sh='${SHELL} /home/tanbowen/fastqtk/install-sh'
libdir='${exec_prefix}/lib'
libexecdir='${exec_prefix}/libexec'
localedir='${datarootdir}/locale'
localstatedir='${prefix}/var'
mandir='${datarootdir}/man'
mkdir_p='$(MKDIR_P)'
oldincludedir='/usr/include'
pdfdir='${docdir}'
prefix='/usr/local'
program_transform_name='s,x,x,'
psdir='${docdir}'
sbindir='${exec_prefix}/sbin'
sharedstatedir='${prefix}/com'
subdirs=' lib/fastq lib/program_options'
sysconfdir='${prefix}/etc'
target_alias=''

## ----------- ##
## confdefs.h. ##
## ----------- ##

/* confdefs.h */
#define PACKAGE_NAME "fastqtk"
#define PACKAGE_TARNAME "fastqtk"
#define PACKAGE_VERSION "0.0.0"
#define PACKAGE_STRING "fastqtk 0.0.0"
#define PACKAGE_BUGREPORT "notebowentan@gmail.com"
#define PACKAGE_URL ""
#define PACKAGE "fastqtk"
#define VERSION "0.0.0"

configure: exit 0

## ---------------------- ##
## Running config.status. ##
## ---------------------- ##

This file was extended by fastqtk config.status 0.0.0, which was
generated by GNU Autoconf 2.69.  Invocation command line was

  CONFIG_FILES    = 
  CONFIG_HEADERS  = 
  CONFIG_LINKS    = 
  CONFIG_COMMANDS = 
  $ ./config.status src/Makefile depfiles

on delta2

config.status:841: creating src/Makefile
config.status:1055: executing depfiles commands

## ---------------------- ##
## Running config.status. ##
## ---------------------- ##

This file was extended by fastqtk config.status 0.0.0, which was
generated by GNU Autoconf 2.69.  Invocation command line was

  CONFIG_FILES    = 
  CONFIG_HEADERS  = 
  CONFIG_LINKS    = 
  CONFIG_COMMANDS = 
  $ ./config.status src/Makefile depfiles

on delta2

config.status:841: creating src/Makefile
config.status:1055: executing depfiles commands
