This file contains any messages produced by compilers while
running configure, to aid debugging if configure makes a mistake.

It was created by libprogram_options configure 0.0.0, which was
generated by GNU Autoconf 2.69.  Invocation command line was

  $ ../../../lib/program_options/configure --disable-option-checking --prefix=/usr/local CFLAGS=-O0 --cache-file=/dev/null --srcdir=../../../lib/program_options

## --------- ##
## Platform. ##
## --------- ##

hostname = delta2
uname -m = x86_64
uname -r = 3.10.0-327.36.3.el7.x86_64
uname -s = Linux
uname -v = #1 SMP Mon Oct 24 16:09:20 UTC 2016

/usr/bin/uname -p = x86_64
/bin/uname -X     = unknown

/bin/arch              = x86_64
/usr/bin/arch -k       = unknown
/usr/convex/getsysinfo = unknown
/usr/bin/hostinfo      = unknown
/bin/machine           = unknown
/usr/bin/oslevel       = unknown
/bin/universe          = unknown

PATH: /home/tanbowen/package/bin
PATH: /home/tanbowen/script/shell
PATH: /home/tanbowen/package/go/bin
PATH: /opt/gcc-7.2.0/bin
PATH: /opt/sge/bin
PATH: /opt/sge/bin/lx-amd64
PATH: /opt/sge/bin
PATH: /opt/sge/bin/lx-amd64
PATH: /usr/lib64/qt-3.3/bin
PATH: /home/tanbowen/perl5/bin
PATH: /usr/local/bin
PATH: /usr/bin
PATH: /usr/local/sbin
PATH: /usr/sbin


## ----------- ##
## Core tests. ##
## ----------- ##

configure:2254: checking for a BSD-compatible install
configure:2322: result: /usr/bin/install -c
configure:2333: checking whether build environment is sane
configure:2388: result: yes
configure:2539: checking for a thread-safe mkdir -p
configure:2578: result: /usr/bin/mkdir -p
configure:2585: checking for gawk
configure:2601: found /usr/bin/gawk
configure:2612: result: gawk
configure:2623: checking whether make sets $(MAKE)
configure:2645: result: yes
configure:2674: checking whether make supports nested variables
configure:2691: result: yes
configure:2831: checking for gcc
configure:2847: found /opt/gcc-7.2.0/bin/gcc
configure:2858: result: gcc
configure:3087: checking for C compiler version
configure:3096: gcc --version >&5
gcc (GCC) 7.2.0
Copyright (C) 2017 Free Software Foundation, Inc.
This is free software; see the source for copying conditions.  There is NO
warranty; not even for MERCHANTABILITY or FITNESS FOR A PARTICULAR PURPOSE.

configure:3107: $? = 0
configure:3096: gcc -v >&5
Using built-in specs.
COLLECT_GCC=gcc
COLLECT_LTO_WRAPPER=/opt/gcc-7.2.0/libexec/gcc/x86_64-pc-linux-gnu/7.2.0/lto-wrapper
Target: x86_64-pc-linux-gnu
Configured with: ../configure --with-system-zlib --disable-multilib --enable-languages=c,c++ --prefix=/opt/gcc-7.2.0
Thread model: posix
gcc version 7.2.0 (GCC) 
configure:3107: $? = 0
configure:3096: gcc -V >&5
gcc: error: unrecognized command line option '-V'
gcc: fatal error: no input files
compilation terminated.
configure:3107: $? = 1
configure:3096: gcc -qversion >&5
gcc: error: unrecognized command line option '-qversion'; did you mean '--version'?
gcc: fatal error: no input files
compilation terminated.
configure:3107: $? = 1
configure:3127: checking whether the C compiler works
configure:3149: gcc -O0   conftest.c  >&5
configure:3153: $? = 0
configure:3201: result: yes
configure:3204: checking for C compiler default output file name
configure:3206: result: a.out
configure:3212: checking for suffix of executables
configure:3219: gcc -o conftest -O0   conftest.c  >&5
configure:3223: $? = 0
configure:3245: result: 
configure:3267: checking whether we are cross compiling
configure:3275: gcc -o conftest -O0   conftest.c  >&5
configure:3279: $? = 0
configure:3286: ./conftest
configure:3290: $? = 0
configure:3305: result: no
configure:3310: checking for suffix of object files
configure:3332: gcc -c -O0  conftest.c >&5
configure:3336: $? = 0
configure:3357: result: o
configure:3361: checking whether we are using the GNU C compiler
configure:3380: gcc -c -O0  conftest.c >&5
configure:3380: $? = 0
configure:3389: result: yes
configure:3398: checking whether gcc accepts -g
configure:3418: gcc -c -g  conftest.c >&5
configure:3418: $? = 0
configure:3459: result: yes
configure:3476: checking for gcc option to accept ISO C89
configure:3539: gcc  -c -O0  conftest.c >&5
configure:3539: $? = 0
configure:3552: result: none needed
configure:3583: checking for style of include used by make
configure:3611: result: GNU
configure:3637: checking dependency style of gcc
configure:3748: result: gcc3
configure:3813: checking for ar
configure:3829: found /usr/bin/ar
configure:3840: result: ar
configure:3866: checking the archiver (ar) interface
configure:3876: gcc -c -O0  conftest.c >&5
configure:3876: $? = 0
configure:3878: ar cru libconftest.a conftest.o >&5
configure:3881: $? = 0
configure:3904: result: ar
configure:3953: checking build system type
configure:3967: result: x86_64-unknown-linux-gnu
configure:3987: checking host system type
configure:4000: result: x86_64-unknown-linux-gnu
configure:4041: checking how to print strings
configure:4068: result: printf
configure:4089: checking for a sed that does not truncate output
configure:4153: result: /usr/bin/sed
configure:4171: checking for grep that handles long lines and -e
configure:4229: result: /usr/bin/grep
configure:4234: checking for egrep
configure:4296: result: /usr/bin/grep -E
configure:4301: checking for fgrep
configure:4363: result: /usr/bin/grep -F
configure:4398: checking for ld used by gcc
configure:4465: result: /usr/bin/ld
configure:4472: checking if the linker (/usr/bin/ld) is GNU ld
configure:4487: result: yes
configure:4499: checking for BSD- or MS-compatible name lister (nm)
configure:4548: result: /usr/bin/nm -B
configure:4678: checking the name lister (/usr/bin/nm -B) interface
configure:4685: gcc -c -O0  conftest.c >&5
configure:4688: /usr/bin/nm -B "conftest.o"
configure:4691: output
0000000000000000 B some_variable
configure:4698: result: BSD nm
configure:4701: checking whether ln -s works
configure:4705: result: yes
configure:4713: checking the maximum length of command line arguments
configure:4843: result: 1572864
configure:4860: checking whether the shell understands some XSI constructs
configure:4870: result: yes
configure:4874: checking whether the shell understands "+="
configure:4880: result: yes
configure:4915: checking how to convert x86_64-unknown-linux-gnu file names to x86_64-unknown-linux-gnu format
configure:4955: result: func_convert_file_noop
configure:4962: checking how to convert x86_64-unknown-linux-gnu file names to toolchain format
configure:4982: result: func_convert_file_noop
configure:4989: checking for /usr/bin/ld option to reload object files
configure:4996: result: -r
configure:5070: checking for objdump
configure:5086: found /usr/bin/objdump
configure:5097: result: objdump
configure:5129: checking how to recognize dependent libraries
configure:5331: result: pass_all
configure:5416: checking for dlltool
configure:5446: result: no
configure:5476: checking how to associate runtime and link libraries
configure:5503: result: printf %s\n
configure:5627: checking for archiver @FILE support
configure:5644: gcc -c -O0  conftest.c >&5
configure:5644: $? = 0
configure:5647: ar cru libconftest.a @conftest.lst >&5
configure:5650: $? = 0
configure:5655: ar cru libconftest.a @conftest.lst >&5
ar: conftest.o: No such file or directory
configure:5658: $? = 1
configure:5670: result: @
configure:5728: checking for strip
configure:5744: found /usr/bin/strip
configure:5755: result: strip
configure:5827: checking for ranlib
configure:5843: found /usr/bin/ranlib
configure:5854: result: ranlib
configure:5956: checking command to parse /usr/bin/nm -B output from gcc object
configure:6076: gcc -c -O0  conftest.c >&5
configure:6079: $? = 0
configure:6083: /usr/bin/nm -B conftest.o \| sed -n -e 's/^.*[ ]\([ABCDGIRSTW][ABCDGIRSTW]*\)[ ][ ]*\([_A-Za-z][_A-Za-z0-9]*\)$/\1 \2 \2/p' | sed '/ __gnu_lto/d' \> conftest.nm
configure:6086: $? = 0
configure:6152: gcc -o conftest -O0   conftest.c conftstm.o >&5
configure:6155: $? = 0
configure:6193: result: ok
configure:6230: checking for sysroot
configure:6260: result: no
configure:6337: gcc -c -O0  conftest.c >&5
configure:6340: $? = 0
configure:6516: checking for mt
configure:6546: result: no
configure:6566: checking if : is a manifest tool
configure:6572: : '-?'
configure:6580: result: no
configure:7222: checking how to run the C preprocessor
configure:7253: gcc -E  conftest.c
configure:7253: $? = 0
configure:7267: gcc -E  conftest.c
conftest.c:11:10: fatal error: ac_nonexistent.h: No such file or directory
 #include <ac_nonexistent.h>
          ^~~~~~~~~~~~~~~~~~
compilation terminated.
configure:7267: $? = 1
configure: failed program was:
| /* confdefs.h */
| #define PACKAGE_NAME "libprogram_options"
| #define PACKAGE_TARNAME "libprogram_options"
| #define PACKAGE_VERSION "0.0.0"
| #define PACKAGE_STRING "libprogram_options 0.0.0"
| #define PACKAGE_BUGREPORT "notebowentan@gmail.com"
| #define PACKAGE_URL ""
| #define PACKAGE "libprogram_options"
| #define VERSION "0.0.0"
| /* end confdefs.h.  */
| #include <ac_nonexistent.h>
configure:7292: result: gcc -E
configure:7312: gcc -E  conftest.c
configure:7312: $? = 0
configure:7326: gcc -E  conftest.c
conftest.c:11:10: fatal error: ac_nonexistent.h: No such file or directory
 #include <ac_nonexistent.h>
          ^~~~~~~~~~~~~~~~~~
compilation terminated.
configure:7326: $? = 1
configure: failed program was:
| /* confdefs.h */
| #define PACKAGE_NAME "libprogram_options"
| #define PACKAGE_TARNAME "libprogram_options"
| #define PACKAGE_VERSION "0.0.0"
| #define PACKAGE_STRING "libprogram_options 0.0.0"
| #define PACKAGE_BUGREPORT "notebowentan@gmail.com"
| #define PACKAGE_URL ""
| #define PACKAGE "libprogram_options"
| #define VERSION "0.0.0"
| /* end confdefs.h.  */
| #include <ac_nonexistent.h>
configure:7355: checking for ANSI C header files
configure:7375: gcc -c -O0  conftest.c >&5
configure:7375: $? = 0
configure:7448: gcc -o conftest -O0   conftest.c  >&5
configure:7448: $? = 0
configure:7448: ./conftest
configure:7448: $? = 0
configure:7459: result: yes
configure:7472: checking for sys/types.h
configure:7472: gcc -c -O0  conftest.c >&5
configure:7472: $? = 0
configure:7472: result: yes
configure:7472: checking for sys/stat.h
configure:7472: gcc -c -O0  conftest.c >&5
configure:7472: $? = 0
configure:7472: result: yes
configure:7472: checking for stdlib.h
configure:7472: gcc -c -O0  conftest.c >&5
configure:7472: $? = 0
configure:7472: result: yes
configure:7472: checking for string.h
configure:7472: gcc -c -O0  conftest.c >&5
configure:7472: $? = 0
configure:7472: result: yes
configure:7472: checking for memory.h
configure:7472: gcc -c -O0  conftest.c >&5
configure:7472: $? = 0
configure:7472: result: yes
configure:7472: checking for strings.h
configure:7472: gcc -c -O0  conftest.c >&5
configure:7472: $? = 0
configure:7472: result: yes
configure:7472: checking for inttypes.h
configure:7472: gcc -c -O0  conftest.c >&5
configure:7472: $? = 0
configure:7472: result: yes
configure:7472: checking for stdint.h
configure:7472: gcc -c -O0  conftest.c >&5
configure:7472: $? = 0
configure:7472: result: yes
configure:7472: checking for unistd.h
configure:7472: gcc -c -O0  conftest.c >&5
configure:7472: $? = 0
configure:7472: result: yes
configure:7486: checking for dlfcn.h
configure:7486: gcc -c -O0  conftest.c >&5
configure:7486: $? = 0
configure:7486: result: yes
configure:7692: checking for objdir
configure:7707: result: .libs
configure:7978: checking if gcc supports -fno-rtti -fno-exceptions
configure:7996: gcc -c -O0  -fno-rtti -fno-exceptions conftest.c >&5
cc1: warning: command line option '-fno-rtti' is valid for C++/ObjC++ but not for C
configure:8000: $? = 0
configure:8013: result: no
configure:8340: checking for gcc option to produce PIC
configure:8347: result: -fPIC -DPIC
configure:8355: checking if gcc PIC flag -fPIC -DPIC works
configure:8373: gcc -c -O0  -fPIC -DPIC -DPIC conftest.c >&5
configure:8377: $? = 0
configure:8390: result: yes
configure:8419: checking if gcc static flag -static works
configure:8447: result: yes
configure:8462: checking if gcc supports -c -o file.o
configure:8483: gcc -c -O0  -o out/conftest2.o conftest.c >&5
configure:8487: $? = 0
configure:8509: result: yes
configure:8517: checking if gcc supports -c -o file.o
configure:8564: result: yes
configure:8597: checking whether the gcc linker (/usr/bin/ld -m elf_x86_64) supports shared libraries
configure:9750: result: yes
configure:9787: checking whether -lc should be explicitly linked in
configure:9795: gcc -c -O0  conftest.c >&5
configure:9798: $? = 0
configure:9813: gcc -shared  -fPIC -DPIC conftest.o  -v -Wl,-soname -Wl,conftest -o conftest 2\>\&1 \| /usr/bin/grep  -lc  \>/dev/null 2\>\&1
configure:9816: $? = 0
configure:9830: result: no
configure:9990: checking dynamic linker characteristics
configure:10501: gcc -o conftest -O0   -Wl,-rpath -Wl,/foo conftest.c  >&5
configure:10501: $? = 0
configure:10727: result: GNU/Linux ld.so
configure:10834: checking how to hardcode library paths into programs
configure:10859: result: immediate
configure:11399: checking whether stripping libraries is possible
configure:11404: result: yes
configure:11439: checking if libtool supports shared libraries
configure:11441: result: yes
configure:11444: checking whether to build shared libraries
configure:11465: result: yes
configure:11468: checking whether to build static libraries
configure:11472: result: yes
configure:11517: checking for stdlib.h
configure:11517: result: yes
configure:11517: checking for string.h
configure:11517: result: yes
configure:11643: checking that generated files are newer than configure
configure:11649: result: done
configure:11672: creating ./config.status

## ---------------------- ##
## Running config.status. ##
## ---------------------- ##

This file was extended by libprogram_options config.status 0.0.0, which was
generated by GNU Autoconf 2.69.  Invocation command line was

  CONFIG_FILES    = 
  CONFIG_HEADERS  = 
  CONFIG_LINKS    = 
  CONFIG_COMMANDS = 
  $ ./config.status 

on delta2

config.status:1085: creating Makefile
config.status:1085: creating src/Makefile
config.status:1085: creating config.h
config.status:1251: config.h is unchanged
config.status:1299: executing depfiles commands
config.status:1299: executing libtool commands

## ---------------- ##
## Cache variables. ##
## ---------------- ##

ac_cv_build=x86_64-unknown-linux-gnu
ac_cv_c_compiler_gnu=yes
ac_cv_env_CC_set=
ac_cv_env_CC_value=
ac_cv_env_CFLAGS_set=set
ac_cv_env_CFLAGS_value=-O0
ac_cv_env_CPPFLAGS_set=
ac_cv_env_CPPFLAGS_value=
ac_cv_env_CPP_set=
ac_cv_env_CPP_value=
ac_cv_env_LDFLAGS_set=
ac_cv_env_LDFLAGS_value=
ac_cv_env_LIBS_set=
ac_cv_env_LIBS_value=
ac_cv_env_build_alias_set=
ac_cv_env_build_alias_value=
ac_cv_env_host_alias_set=
ac_cv_env_host_alias_value=
ac_cv_env_target_alias_set=
ac_cv_env_target_alias_value=
ac_cv_header_dlfcn_h=yes
ac_cv_header_inttypes_h=yes
ac_cv_header_memory_h=yes
ac_cv_header_stdc=yes
ac_cv_header_stdint_h=yes
ac_cv_header_stdlib_h=yes
ac_cv_header_string_h=yes
ac_cv_header_strings_h=yes
ac_cv_header_sys_stat_h=yes
ac_cv_header_sys_types_h=yes
ac_cv_header_unistd_h=yes
ac_cv_host=x86_64-unknown-linux-gnu
ac_cv_objext=o
ac_cv_path_EGREP='/usr/bin/grep -E'
ac_cv_path_FGREP='/usr/bin/grep -F'
ac_cv_path_GREP=/usr/bin/grep
ac_cv_path_SED=/usr/bin/sed
ac_cv_path_install='/usr/bin/install -c'
ac_cv_path_mkdir=/usr/bin/mkdir
ac_cv_prog_AWK=gawk
ac_cv_prog_CPP='gcc -E'
ac_cv_prog_ac_ct_AR=ar
ac_cv_prog_ac_ct_CC=gcc
ac_cv_prog_ac_ct_OBJDUMP=objdump
ac_cv_prog_ac_ct_RANLIB=ranlib
ac_cv_prog_ac_ct_STRIP=strip
ac_cv_prog_cc_c89=
ac_cv_prog_cc_g=yes
ac_cv_prog_make_make_set=yes
am_cv_CC_dependencies_compiler_type=gcc3
am_cv_ar_interface=ar
am_cv_make_support_nested_variables=yes
lt_cv_ar_at_file=@
lt_cv_archive_cmds_need_lc=no
lt_cv_deplibs_check_method=pass_all
lt_cv_file_magic_cmd='$MAGIC_CMD'
lt_cv_file_magic_test_file=
lt_cv_ld_reload_flag=-r
lt_cv_nm_interface='BSD nm'
lt_cv_objdir=.libs
lt_cv_path_LD=/usr/bin/ld
lt_cv_path_NM='/usr/bin/nm -B'
lt_cv_path_mainfest_tool=no
lt_cv_prog_compiler_c_o=yes
lt_cv_prog_compiler_pic='-fPIC -DPIC'
lt_cv_prog_compiler_pic_works=yes
lt_cv_prog_compiler_rtti_exceptions=no
lt_cv_prog_compiler_static_works=yes
lt_cv_prog_gnu_ld=yes
lt_cv_sharedlib_from_linklib_cmd='printf %s\n'
lt_cv_shlibpath_overrides_runpath=no
lt_cv_sys_global_symbol_pipe='sed -n -e '\''s/^.*[	 ]\([ABCDGIRSTW][ABCDGIRSTW]*\)[	 ][	 ]*\([_A-Za-z][_A-Za-z0-9]*\)$/\1 \2 \2/p'\'' | sed '\''/ __gnu_lto/d'\'''
lt_cv_sys_global_symbol_to_c_name_address='sed -n -e '\''s/^: \([^ ]*\)[ ]*$/  {\"\1\", (void *) 0},/p'\'' -e '\''s/^[ABCDGIRSTW]* \([^ ]*\) \([^ ]*\)$/  {"\2", (void *) \&\2},/p'\'''
lt_cv_sys_global_symbol_to_c_name_address_lib_prefix='sed -n -e '\''s/^: \([^ ]*\)[ ]*$/  {\"\1\", (void *) 0},/p'\'' -e '\''s/^[ABCDGIRSTW]* \([^ ]*\) \(lib[^ ]*\)$/  {"\2", (void *) \&\2},/p'\'' -e '\''s/^[ABCDGIRSTW]* \([^ ]*\) \([^ ]*\)$/  {"lib\2", (void *) \&\2},/p'\'''
lt_cv_sys_global_symbol_to_cdecl='sed -n -e '\''s/^T .* \(.*\)$/extern int \1();/p'\'' -e '\''s/^[ABCDGIRSTW]* .* \(.*\)$/extern char \1;/p'\'''
lt_cv_sys_max_cmd_len=1572864
lt_cv_to_host_file_cmd=func_convert_file_noop
lt_cv_to_tool_file_cmd=func_convert_file_noop

## ----------------- ##
## Output variables. ##
## ----------------- ##

ACLOCAL='${SHELL} /home/tanbowen/fastqtk/lib/program_options/missing aclocal-1.13'
AMDEPBACKSLASH='\'
AMDEP_FALSE='#'
AMDEP_TRUE=''
AMTAR='$${TAR-tar}'
AM_BACKSLASH='\'
AM_DEFAULT_V='$(AM_DEFAULT_VERBOSITY)'
AM_DEFAULT_VERBOSITY='1'
AM_V='$(V)'
AR='ar'
AUTOCONF='${SHELL} /home/tanbowen/fastqtk/lib/program_options/missing autoconf'
AUTOHEADER='${SHELL} /home/tanbowen/fastqtk/lib/program_options/missing autoheader'
AUTOMAKE='${SHELL} /home/tanbowen/fastqtk/lib/program_options/missing automake-1.13'
AWK='gawk'
CC='gcc'
CCDEPMODE='depmode=gcc3'
CFLAGS='-O0'
CPP='gcc -E'
CPPFLAGS=''
CYGPATH_W='echo'
DEFS='-DHAVE_CONFIG_H'
DEPDIR='.deps'
DLLTOOL='false'
DSYMUTIL=''
DUMPBIN=''
ECHO_C=''
ECHO_N='-n'
ECHO_T=''
EGREP='/usr/bin/grep -E'
EXEEXT=''
FGREP='/usr/bin/grep -F'
GREP='/usr/bin/grep'
INSTALL_DATA='${INSTALL} -m 644'
INSTALL_PROGRAM='${INSTALL}'
INSTALL_SCRIPT='${INSTALL}'
INSTALL_STRIP_PROGRAM='$(install_sh) -c -s'
LD='/usr/bin/ld -m elf_x86_64'
LDFLAGS=''
LIBOBJS=''
LIBRARY_VERSION='0:0:0'
LIBS=''
LIBTOOL='$(SHELL) $(top_builddir)/libtool'
LIPO=''
LN_S='ln -s'
LTLIBOBJS=''
MAKEINFO='${SHELL} /home/tanbowen/fastqtk/lib/program_options/missing makeinfo'
MANIFEST_TOOL=':'
MKDIR_P='/usr/bin/mkdir -p'
NM='/usr/bin/nm -B'
NMEDIT=''
OBJDUMP='objdump'
OBJEXT='o'
OTOOL64=''
OTOOL=''
PACKAGE='libprogram_options'
PACKAGE_BUGREPORT='notebowentan@gmail.com'
PACKAGE_NAME='libprogram_options'
PACKAGE_STRING='libprogram_options 0.0.0'
PACKAGE_TARNAME='libprogram_options'
PACKAGE_URL=''
PACKAGE_VERSION='0.0.0'
PATH_SEPARATOR=':'
RANLIB='ranlib'
RELEASE_VERSION='0.0.0'
SED='/usr/bin/sed'
SET_MAKE=''
SHELL='/bin/sh'
STRIP='strip'
VERSION='0.0.0'
ac_ct_AR='ar'
ac_ct_CC='gcc'
ac_ct_DUMPBIN=''
am__EXEEXT_FALSE=''
am__EXEEXT_TRUE='#'
am__fastdepCC_FALSE='#'
am__fastdepCC_TRUE=''
am__include='include'
am__isrc=' -I$(srcdir)'
am__leading_dot='.'
am__nodep='_no'
am__quote=''
am__tar='$${TAR-tar} chof - "$$tardir"'
am__untar='$${TAR-tar} xf -'
bindir='${exec_prefix}/bin'
build='x86_64-unknown-linux-gnu'
build_alias=''
build_cpu='x86_64'
build_os='linux-gnu'
build_vendor='unknown'
datadir='${datarootdir}'
datarootdir='${prefix}/share'
docdir='${datarootdir}/doc/${PACKAGE_TARNAME}'
dvidir='${docdir}'
exec_prefix='${prefix}'
host='x86_64-unknown-linux-gnu'
host_alias=''
host_cpu='x86_64'
host_os='linux-gnu'
host_vendor='unknown'
htmldir='${docdir}'
includedir='${prefix}/include'
infodir='${datarootdir}/info'
install_sh='${SHELL} /home/tanbowen/fastqtk/lib/program_options/install-sh'
libdir='${exec_prefix}/lib'
libexecdir='${exec_prefix}/libexec'
localedir='${datarootdir}/locale'
localstatedir='${prefix}/var'
mandir='${datarootdir}/man'
mkdir_p='$(MKDIR_P)'
oldincludedir='/usr/include'
pdfdir='${docdir}'
prefix='/usr/local'
program_transform_name='s,x,x,'
psdir='${docdir}'
sbindir='${exec_prefix}/sbin'
sharedstatedir='${prefix}/com'
sysconfdir='${prefix}/etc'
target_alias=''

## ----------- ##
## confdefs.h. ##
## ----------- ##

/* confdefs.h */
#define PACKAGE_NAME "libprogram_options"
#define PACKAGE_TARNAME "libprogram_options"
#define PACKAGE_VERSION "0.0.0"
#define PACKAGE_STRING "libprogram_options 0.0.0"
#define PACKAGE_BUGREPORT "notebowentan@gmail.com"
#define PACKAGE_URL ""
#define PACKAGE "libprogram_options"
#define VERSION "0.0.0"
#define STDC_HEADERS 1
#define HAVE_SYS_TYPES_H 1
#define HAVE_SYS_STAT_H 1
#define HAVE_STDLIB_H 1
#define HAVE_STRING_H 1
#define HAVE_MEMORY_H 1
#define HAVE_STRINGS_H 1
#define HAVE_INTTYPES_H 1
#define HAVE_STDINT_H 1
#define HAVE_UNISTD_H 1
#define HAVE_DLFCN_H 1
#define LT_OBJDIR ".libs/"
#define HAVE_STDLIB_H 1
#define HAVE_STRING_H 1

configure: exit 0
